<?xml version="1.0" encoding="UTF-8"?>
<!-- Generated by org.testng.reporters.JUnitReportReporter -->
<testsuite hostname="Santoshi" failures="0" tests="2" name="pacakge.Main_Class" time="22.086" errors="0" timestamp="2024-08-16T21:33:10 IST" skipped="0">
  <testcase classname="pacakge.Main_Class" name="launchsite" time="4.568"/>
  <system-out/>
  <testcase classname="pacakge.Main_Class" name="amazon" time="17.518"/>
  <system-out/>
</testsuite> <!-- pacakge.Main_Class -->
